0 info it worked if it ends with ok
1 verbose cli [ '/usr/local/bin/node',
1 verbose cli   '/usr/local/bin/npm',
1 verbose cli   'version',
1 verbose cli   'patch' ]
2 info using npm@3.3.6
3 info using node@v5.0.0
4 info git [ 'status', '--porcelain' ]
5 verbose stack Error: Git working directory not clean.
5 verbose stack M book/coding.pdf
5 verbose stack M book/craft-stem.pdf
5 verbose stack M book/creative-circuits.pdf
5 verbose stack M book/introduction.pdf
5 verbose stack M book/robotics.pdf
5 verbose stack M coding/coding.pdf
5 verbose stack M craft-stem/craft-stem.pdf
5 verbose stack M creative-circuits/creative-circuits.pdf
5 verbose stack M package.json
5 verbose stack M robotics/lesson-plans/lesson-6.md
5 verbose stack M robotics/lesson-plans/lesson-7.md
5 verbose stack M "robotics/lessonPDFs/back to sumo build.pdf"
5 verbose stack M "robotics/lessonPDFs/back to sumo code.pdf"
5 verbose stack M "robotics/lessonPDFs/build and prep.pdf"
5 verbose stack M "robotics/lessonPDFs/design thinking.pdf"
5 verbose stack M "robotics/lessonPDFs/move block computer.pdf"
5 verbose stack M "robotics/lessonPDFs/move block.pdf"
5 verbose stack M "robotics/lessonPDFs/the cowardly robot.pdf"
5 verbose stack M robotics/workbook.pdf
5 verbose stack M yarn.lock
5 verbose stack     at /usr/local/lib/node_modules/npm/lib/version.js:172:21
5 verbose stack     at ChildProcess.exithandler (child_process.js:194:7)
5 verbose stack     at emitTwo (events.js:87:13)
5 verbose stack     at ChildProcess.emit (events.js:172:7)
5 verbose stack     at maybeClose (internal/child_process.js:818:16)
5 verbose stack     at Socket.<anonymous> (internal/child_process.js:319:11)
5 verbose stack     at emitOne (events.js:77:13)
5 verbose stack     at Socket.emit (events.js:169:7)
5 verbose stack     at Pipe._onclose (net.js:469:12)
6 verbose cwd /Users/9dots/Repositories/tech-and-tape-curricula
7 error Darwin 14.5.0
8 error argv "/usr/local/bin/node" "/usr/local/bin/npm" "version" "patch"
9 error node v5.0.0
10 error npm  v3.3.6
11 error Git working directory not clean.
11 error M book/coding.pdf
11 error M book/craft-stem.pdf
11 error M book/creative-circuits.pdf
11 error M book/introduction.pdf
11 error M book/robotics.pdf
11 error M coding/coding.pdf
11 error M craft-stem/craft-stem.pdf
11 error M creative-circuits/creative-circuits.pdf
11 error M package.json
11 error M robotics/lesson-plans/lesson-6.md
11 error M robotics/lesson-plans/lesson-7.md
11 error M "robotics/lessonPDFs/back to sumo build.pdf"
11 error M "robotics/lessonPDFs/back to sumo code.pdf"
11 error M "robotics/lessonPDFs/build and prep.pdf"
11 error M "robotics/lessonPDFs/design thinking.pdf"
11 error M "robotics/lessonPDFs/move block computer.pdf"
11 error M "robotics/lessonPDFs/move block.pdf"
11 error M "robotics/lessonPDFs/the cowardly robot.pdf"
11 error M robotics/workbook.pdf
11 error M yarn.lock
12 error If you need help, you may report this error at:
12 error     <https://github.com/npm/npm/issues>
13 verbose exit [ 1, true ]
